0 info it worked if it ends with ok
1 verbose cli [ 'node',
1 verbose cli   '/Users/Patrick/.npm-packages/bin/npm',
1 verbose cli   'install',
1 verbose cli   'gulp-browser-sync',
1 verbose cli   '--save-dev' ]
2 info using npm@2.14.2
3 info using node@v0.12.7
4 verbose node symlink /usr/local/bin/node
5 verbose install initial load of /Users/Patrick/Desktop/angular/package.json
6 verbose installManyTop reading scoped package data from /Users/Patrick/Desktop/angular/node_modules/browser-sync/package.json
7 verbose installManyTop reading scoped package data from /Users/Patrick/Desktop/angular/node_modules/gulp/package.json
8 verbose installManyTop reading scoped package data from /Users/Patrick/Desktop/angular/node_modules/http-server/package.json
9 verbose installManyTop reading scoped package data from /Users/Patrick/Desktop/angular/node_modules/jspm/package.json
10 verbose installManyTop reading scoped package data from /Users/Patrick/Desktop/angular/node_modules/systemjs-builder/package.json
11 verbose installManyTop reading scoped package data from /Users/Patrick/Desktop/angular/node_modules/tsd/package.json
12 info package.json http-server@0.8.0 No license field.
13 info package.json jspm@0.16.2 license should be a valid SPDX license expression
14 info package.json tsd@0.6.4 No license field.
15 verbose readDependencies loading dependencies from /Users/Patrick/Desktop/angular/package.json
16 silly cache add args [ 'gulp-browser-sync', null ]
17 verbose cache add spec gulp-browser-sync
18 silly cache add parsed spec { raw: 'gulp-browser-sync',
18 silly cache add   scope: null,
18 silly cache add   name: 'gulp-browser-sync',
18 silly cache add   rawSpec: '',
18 silly cache add   spec: '*',
18 silly cache add   type: 'range' }
19 silly addNamed gulp-browser-sync@*
20 verbose addNamed "*" is a valid semver range for gulp-browser-sync
21 silly addNameRange { name: 'gulp-browser-sync', range: '*', hasData: false }
22 silly mapToRegistry name gulp-browser-sync
23 silly mapToRegistry using default registry
24 silly mapToRegistry registry https://registry.npmjs.org/
25 silly mapToRegistry uri https://registry.npmjs.org/gulp-browser-sync
26 verbose addNameRange registry:https://registry.npmjs.org/gulp-browser-sync not in flight; fetching
27 verbose request uri https://registry.npmjs.org/gulp-browser-sync
28 verbose request no auth needed
29 info attempt registry request try #1 at 01:25:58
30 verbose request id 60f24a0e8a79972c
31 http request GET https://registry.npmjs.org/gulp-browser-sync
32 http 404 https://registry.npmjs.org/gulp-browser-sync
33 verbose headers { 'content-type': 'application/json',
33 verbose headers   'cache-control': 'max-age=0',
33 verbose headers   'content-length': '2',
33 verbose headers   'accept-ranges': 'bytes',
33 verbose headers   date: 'Thu, 10 Sep 2015 08:25:59 GMT',
33 verbose headers   via: '1.1 varnish',
33 verbose headers   age: '0',
33 verbose headers   connection: 'keep-alive',
33 verbose headers   'x-served-by': 'cache-lax1430-LAX',
33 verbose headers   'x-cache': 'MISS',
33 verbose headers   'x-cache-hits': '0',
33 verbose headers   'x-timer': 'S1441873559.000349,VS0,VE49' }
34 silly get cb [ 404,
34 silly get   { 'content-type': 'application/json',
34 silly get     'cache-control': 'max-age=0',
34 silly get     'content-length': '2',
34 silly get     'accept-ranges': 'bytes',
34 silly get     date: 'Thu, 10 Sep 2015 08:25:59 GMT',
34 silly get     via: '1.1 varnish',
34 silly get     age: '0',
34 silly get     connection: 'keep-alive',
34 silly get     'x-served-by': 'cache-lax1430-LAX',
34 silly get     'x-cache': 'MISS',
34 silly get     'x-cache-hits': '0',
34 silly get     'x-timer': 'S1441873559.000349,VS0,VE49' } ]
35 verbose stack Error: Registry returned 404 for GET on https://registry.npmjs.org/gulp-browser-sync
35 verbose stack     at makeError (/Users/Patrick/.npm-packages/lib/node_modules/npm/node_modules/npm-registry-client/lib/request.js:263:12)
35 verbose stack     at CachingRegistryClient.<anonymous> (/Users/Patrick/.npm-packages/lib/node_modules/npm/node_modules/npm-registry-client/lib/request.js:241:14)
35 verbose stack     at Request._callback (/Users/Patrick/.npm-packages/lib/node_modules/npm/node_modules/npm-registry-client/lib/request.js:171:14)
35 verbose stack     at Request.self.callback (/Users/Patrick/.npm-packages/lib/node_modules/npm/node_modules/request/request.js:198:22)
35 verbose stack     at Request.emit (events.js:110:17)
35 verbose stack     at Request.<anonymous> (/Users/Patrick/.npm-packages/lib/node_modules/npm/node_modules/request/request.js:1073:14)
35 verbose stack     at Request.emit (events.js:129:20)
35 verbose stack     at IncomingMessage.<anonymous> (/Users/Patrick/.npm-packages/lib/node_modules/npm/node_modules/request/request.js:1019:12)
35 verbose stack     at IncomingMessage.emit (events.js:129:20)
35 verbose stack     at _stream_readable.js:908:16
36 verbose statusCode 404
37 verbose pkgid gulp-browser-sync
38 verbose cwd /Users/Patrick/Desktop/angular
39 error Darwin 14.5.0
40 error argv "node" "/Users/Patrick/.npm-packages/bin/npm" "install" "gulp-browser-sync" "--save-dev"
41 error node v0.12.7
42 error npm  v2.14.2
43 error code E404
44 error 404 Registry returned 404 for GET on https://registry.npmjs.org/gulp-browser-sync
44 error 404
44 error 404 'gulp-browser-sync' is not in the npm registry.
44 error 404 You should bug the author to publish it (or use the name yourself!)
44 error 404 It was specified as a dependency of 'Angular-TypeScript-JSPM-Starter'
44 error 404
44 error 404 Note that you can also install from a
44 error 404 tarball, folder, http url, or git url.
45 verbose exit [ 1, true ]
